<?xml version="1.0" encoding="UTF-8"?>
<!-- Generated by org.testng.reporters.JUnitXMLReporter -->
<testsuite hostname="charanRaji" ignored="2" name="Test" tests="13" failures="1" timestamp="20 Jan 2021 15:12:06 GMT" time="22.423" errors="0">
  <testcase name="tc0" time="6.267" classname="org.task.TestNg13"/>
  <testcase name="tc1" time="12.774" classname="org.task.TestNg13"/>
  <testcase name="tc2" time="1.351" classname="org.task.TestNg13"/>
  <testcase name="tc3" time="0.199" classname="org.task.TestNg13"/>
  <testcase name="tc4" time="0.275" classname="org.task.TestNg13">
    <skipped/>
  </testcase> <!-- tc4 -->
  <testcase name="tc4" time="0.229" classname="org.task.TestNg13">
    <skipped/>
  </testcase> <!-- tc4 -->
  <testcase name="tc4" time="0.256" classname="org.task.TestNg13">
    <failure type="java.lang.AssertionError" message="check the Email Id expected [charanbuddy2gmail.com] but found [charanbuddy@gmail.comcharanbuddy@gmail.comcharanbuddy@gmail.com]">
      <![CDATA[java.lang.AssertionError: check the Email Id expected [charanbuddy2gmail.com] but found [charanbuddy@gmail.comcharanbuddy@gmail.comcharanbuddy@gmail.com]
at org.task.TestNg13.tc4(TestNg13.java:55)
... Removed 30 stack frames]]>
    </failure>
  </testcase> <!-- tc4 -->
  <testcase name="tc5" time="0.109" classname="org.task.TestNg13"/>
  <testcase name="tc6" time="0.32" classname="org.task.TestNg13"/>
  <testcase name="tc7" time="0.11" classname="org.task.TestNg13"/>
  <testcase name="tc10" time="0.17" classname="org.task.TestNg13"/>
  <testcase name="tc11" time="0.201" classname="org.task.TestNg13"/>
  <testcase name="tc12" time="0.086" classname="org.task.TestNg13"/>
  <testcase name="tc9" time="0.0" classname="org.task.TestNg13">
    <ignored/>
  </testcase> <!-- tc9 -->
  <testcase name="tc8" time="0.0" classname="org.task.TestNg13">
    <ignored/>
  </testcase> <!-- tc8 -->
</testsuite> <!-- Test -->
